<?xml version="1.0" encoding="UTF-8"?>
<testng-results ignored="0" total="5" passed="4" failed="1" skipped="0">
  <reporter-output>
  </reporter-output>
  <suite started-at="2025-09-12T22:00:30 IST" name="Default suite" finished-at="2025-09-12T22:00:47 IST" duration-ms="16825">
    <groups>
    </groups>
    <test started-at="2025-09-12T22:00:30 IST" name="Default test" finished-at="2025-09-12T22:00:47 IST" duration-ms="16825">
      <class name="tests.CheckboxTest">
        <test-method is-config="true" signature="launchURl()[pri:0, instance:tests.CheckboxTest@4009e306]" started-at="2025-09-12T22:00:30 IST" name="launchURl" finished-at="2025-09-12T22:00:40 IST" duration-ms="9811" status="PASS">
          <reporter-output>
          </reporter-output>
        </test-method> <!-- launchURl -->
        <test-method signature="clickonclose()[pri:1, instance:tests.CheckboxTest@4009e306]" started-at="2025-09-12T22:00:40 IST" name="clickonclose" finished-at="2025-09-12T22:00:41 IST" duration-ms="811" status="PASS">
          <reporter-output>
          </reporter-output>
        </test-method> <!-- clickonclose -->
        <test-method is-config="true" signature="getResultAnalysis(org.testng.ITestResult)[pri:0, instance:tests.CheckboxTest@4009e306]" started-at="2025-09-12T22:00:41 IST" name="getResultAnalysis" finished-at="2025-09-12T22:00:41 IST" duration-ms="470" status="PASS">
          <params>
            <param index="0">
              <value>
                <![CDATA[[TestResult name=clickonclose status=SUCCESS method=CheckboxTest.clickonclose()[pri:1, instance:tests.CheckboxTest@4009e306] output={null}]]]>
              </value>
            </param>
          </params>
          <reporter-output>
          </reporter-output>
        </test-method> <!-- getResultAnalysis -->
        <test-method signature="clickonpractice()[pri:2, instance:tests.CheckboxTest@4009e306]" started-at="2025-09-12T22:00:41 IST" name="clickonpractice" finished-at="2025-09-12T22:00:44 IST" duration-ms="2586" status="PASS">
          <reporter-output>
          </reporter-output>
        </test-method> <!-- clickonpractice -->
        <test-method is-config="true" signature="getResultAnalysis(org.testng.ITestResult)[pri:0, instance:tests.CheckboxTest@4009e306]" started-at="2025-09-12T22:00:44 IST" name="getResultAnalysis" finished-at="2025-09-12T22:00:44 IST" duration-ms="195" status="PASS">
          <params>
            <param index="0">
              <value>
                <![CDATA[[TestResult name=clickonpractice status=SUCCESS method=CheckboxTest.clickonpractice()[pri:2, instance:tests.CheckboxTest@4009e306] output={null}]]]>
              </value>
            </param>
          </params>
          <reporter-output>
          </reporter-output>
        </test-method> <!-- getResultAnalysis -->
        <test-method signature="clickonelement()[pri:3, instance:tests.CheckboxTest@4009e306]" started-at="2025-09-12T22:00:44 IST" name="clickonelement" finished-at="2025-09-12T22:00:44 IST" duration-ms="502" status="PASS">
          <reporter-output>
          </reporter-output>
        </test-method> <!-- clickonelement -->
        <test-method is-config="true" signature="getResultAnalysis(org.testng.ITestResult)[pri:0, instance:tests.CheckboxTest@4009e306]" started-at="2025-09-12T22:00:44 IST" name="getResultAnalysis" finished-at="2025-09-12T22:00:45 IST" duration-ms="289" status="PASS">
          <params>
            <param index="0">
              <value>
                <![CDATA[[TestResult name=clickonelement status=SUCCESS method=CheckboxTest.clickonelement()[pri:3, instance:tests.CheckboxTest@4009e306] output={null}]]]>
              </value>
            </param>
          </params>
          <reporter-output>
          </reporter-output>
        </test-method> <!-- getResultAnalysis -->
        <test-method signature="clickoncheckbox()[pri:4, instance:tests.CheckboxTest@4009e306]" started-at="2025-09-12T22:00:45 IST" name="clickoncheckbox" finished-at="2025-09-12T22:00:45 IST" duration-ms="795" status="PASS">
          <reporter-output>
          </reporter-output>
        </test-method> <!-- clickoncheckbox -->
        <test-method is-config="true" signature="getResultAnalysis(org.testng.ITestResult)[pri:0, instance:tests.CheckboxTest@4009e306]" started-at="2025-09-12T22:00:45 IST" name="getResultAnalysis" finished-at="2025-09-12T22:00:46 IST" duration-ms="180" status="PASS">
          <params>
            <param index="0">
              <value>
                <![CDATA[[TestResult name=clickoncheckbox status=SUCCESS method=CheckboxTest.clickoncheckbox()[pri:4, instance:tests.CheckboxTest@4009e306] output={null}]]]>
              </value>
            </param>
          </params>
          <reporter-output>
          </reporter-output>
        </test-method> <!-- getResultAnalysis -->
        <test-method signature="clickonmobile()[pri:5, instance:tests.CheckboxTest@4009e306]" started-at="2025-09-12T22:00:46 IST" name="clickonmobile" finished-at="2025-09-12T22:00:46 IST" duration-ms="704" status="FAIL">
          <exception class="java.lang.AssertionError">
            <message>
              <![CDATA[expected [You are selected Mobile] but found []]]>
            </message>
            <full-stacktrace>
              <![CDATA[java.lang.AssertionError: expected [You are selected Mobile] but found []
at org.testng.Assert.fail(Assert.java:111)
at org.testng.Assert.failNotEquals(Assert.java:1590)
at org.testng.Assert.assertEqualsImpl(Assert.java:150)
at org.testng.Assert.assertEquals(Assert.java:132)
at org.testng.Assert.assertEquals(Assert.java:656)
at org.testng.Assert.assertEquals(Assert.java:666)
at pages.CheckBox.clickonmobile(CheckBox.java:99)
at tests.CheckboxTest.clickonmobile(CheckboxTest.java:44)
at java.base/jdk.internal.reflect.DirectMethodHandleAccessor.invoke(DirectMethodHandleAccessor.java:103)
at java.base/java.lang.reflect.Method.invoke(Method.java:580)
at org.testng.internal.invokers.MethodInvocationHelper.invokeMethod(MethodInvocationHelper.java:141)
at org.testng.internal.invokers.TestInvoker.invokeMethod(TestInvoker.java:687)
at org.testng.internal.invokers.TestInvoker.invokeTestMethod(TestInvoker.java:230)
at org.testng.internal.invokers.MethodRunner.runInSequence(MethodRunner.java:63)
at org.testng.internal.invokers.TestInvoker$MethodInvocationAgent.invoke(TestInvoker.java:995)
at org.testng.internal.invokers.TestInvoker.invokeTestMethods(TestInvoker.java:203)
at org.testng.internal.invokers.TestMethodWorker.invokeTestMethods(TestMethodWorker.java:154)
at org.testng.internal.invokers.TestMethodWorker.run(TestMethodWorker.java:134)
at java.base/java.util.ArrayList.forEach(ArrayList.java:1597)
at org.testng.TestRunner.privateRun(TestRunner.java:741)
at org.testng.TestRunner.run(TestRunner.java:616)
at org.testng.SuiteRunner.runTest(SuiteRunner.java:421)
at org.testng.SuiteRunner.runSequentially(SuiteRunner.java:413)
at org.testng.SuiteRunner.privateRun(SuiteRunner.java:373)
at org.testng.SuiteRunner.run(SuiteRunner.java:312)
at org.testng.SuiteRunnerWorker.runSuite(SuiteRunnerWorker.java:52)
at org.testng.SuiteRunnerWorker.run(SuiteRunnerWorker.java:95)
at org.testng.TestNG.runSuitesSequentially(TestNG.java:1274)
at org.testng.TestNG.runSuitesLocally(TestNG.java:1208)
at org.testng.TestNG.runSuites(TestNG.java:1112)
at org.testng.TestNG.run(TestNG.java:1079)
at org.testng.remote.AbstractRemoteTestNG.run(AbstractRemoteTestNG.java:115)
at org.testng.remote.RemoteTestNG.initAndRun(RemoteTestNG.java:293)
at org.testng.remote.RemoteTestNG.main(RemoteTestNG.java:91)
]]>
            </full-stacktrace>
          </exception> <!-- java.lang.AssertionError -->
          <reporter-output>
          </reporter-output>
        </test-method> <!-- clickonmobile -->
        <test-method is-config="true" signature="getResultAnalysis(org.testng.ITestResult)[pri:0, instance:tests.CheckboxTest@4009e306]" started-at="2025-09-12T22:00:46 IST" name="getResultAnalysis" finished-at="2025-09-12T22:00:47 IST" duration-ms="413" status="PASS">
          <params>
            <param index="0">
              <value>
                <![CDATA[[TestResult name=clickonmobile status=FAILURE method=CheckboxTest.clickonmobile()[pri:5, instance:tests.CheckboxTest@4009e306] output={null}]]]>
              </value>
            </param>
          </params>
          <reporter-output>
          </reporter-output>
        </test-method> <!-- getResultAnalysis -->
      </class> <!-- tests.CheckboxTest -->
    </test> <!-- Default test -->
  </suite> <!-- Default suite -->
</testng-results>
